<?xml version="1.0" encoding="UTF-8"?>
<!-- Generated by org.testng.reporters.JUnitReportReporter -->
<testsuite hostname="rayaan" failures="0" tests="6" name="demotests.XenetaMediaResourcesPage" time="88.103" errors="0" timestamp="3 Dec 2018 02:33:05 GMT">
  <testcase classname="demotests.XenetaMediaResourcesPage" name="testImageThumbnail" time="12.820"/>
  <testcase classname="demotests.XenetaMediaResourcesPage" name="testTakeScreenshot" time="13.184"/>
  <testcase classname="demotests.XenetaMediaResourcesPage" name="testScrollWebPage" time="12.964"/>
  <testcase classname="demotests.XenetaMediaResourcesPage" name="testLanguage" time="23.009"/>
  <testcase classname="demotests.XenetaMediaResourcesPage" name="testDownload" time="13.395"/>
  <testcase classname="demotests.XenetaMediaResourcesPage" name="testOpenWebPage" time="12.731"/>
</testsuite> <!-- demotests.XenetaMediaResourcesPage -->
